0 info it worked if it ends with ok
1 verbose cli [ 'D:\\mySoftwareInstall\\nodist\\v-x64\\10.13.0\\node.exe',
1 verbose cli   'D:\\mySoftwareInstall\\nodist\\npmv\\4.0.5\\bin\\npm-cli.js',
1 verbose cli   'run',
1 verbose cli   'test' ]
2 info using npm@4.0.5
3 info using node@v10.13.0
4 verbose run-script [ 'pretest', 'test', 'posttest' ]
5 info lifecycle ts@1.0.0~pretest: ts@1.0.0
6 silly lifecycle ts@1.0.0~pretest: no script for pretest, continuing
7 info lifecycle ts@1.0.0~test: ts@1.0.0
8 verbose lifecycle ts@1.0.0~test: unsafe-perm in lifecycle true
9 verbose lifecycle ts@1.0.0~test: PATH: D:\mySoftwareInstall\nodist\npmv\4.0.5\bin\node-gyp-bin;F:\WKKfile\itcode2\relearn-web\ts\node_modules\.bin;D:\mySoftwareInstall\nodist\v-x64\10.13.0;C:\Program Files (x86)\Common Files\Oracle\Java\javapath;D:\mySoftwareInstall\python2\Scripts\;D:\mySoftwareInstall\python2\;C:\windows\system32;C:\windows;C:\windows\System32\Wbem;C:\windows\System32\WindowsPowerShell\v1.0\;C:\Program Files\TortoiseSVN\bin;D:\mySoftwareInstall\git\Git\cmd;D:\mySoftwareInstall\vs code\Microsoft VS Code\bin;D:\mySoftwareInstall\typora\Typora\bin;D:\wjk;D:\mySoftwareInstall\yarn\bin\;C:\Users\Administrator\AppData\Local\Yarn\bin;D:\mySoftwareInstall\nodist\bin;D:\mySoftwareInstall\flutterSDK\flutter\bin;C:\Users\Administrator\AppData\Local\Android\Sdk\platform-tools;C:\Users\Administrator\AppData\Local\Android\Sdk\tools;D:\mySoftwareInstall\WinScp\WinSCP\;D:\mySoftwareInstall\ffmpeg-4.2.3-win64-static\bin;C:\Go\bin;F:\WKKfile\video\geektime\;C:\Users\Administrator\AppData\Local\Yarn\bin;D:\wjk;C:\Users\Administrator\AppData\Local\BypassRuntm;C:\Users\Administrator\go\bin
10 verbose lifecycle ts@1.0.0~test: CWD: F:\WKKfile\itcode2\relearn-web\ts
11 silly lifecycle ts@1.0.0~test: Args: [ '/d /s /c', 'echo "Error: no test specified" && exit 1' ]
12 silly lifecycle ts@1.0.0~test: Returned: code: 1  signal: null
13 info lifecycle ts@1.0.0~test: Failed to exec test script
14 verbose stack Error: ts@1.0.0 test: `echo "Error: no test specified" && exit 1`
14 verbose stack Exit status 1
14 verbose stack     at EventEmitter.<anonymous> (D:\mySoftwareInstall\nodist\npmv\4.0.5\lib\utils\lifecycle.js:279:16)
14 verbose stack     at EventEmitter.emit (events.js:182:13)
14 verbose stack     at ChildProcess.<anonymous> (D:\mySoftwareInstall\nodist\npmv\4.0.5\lib\utils\spawn.js:40:14)
14 verbose stack     at ChildProcess.emit (events.js:182:13)
14 verbose stack     at maybeClose (internal/child_process.js:962:16)
14 verbose stack     at Process.ChildProcess._handle.onexit (internal/child_process.js:251:5)
15 verbose pkgid ts@1.0.0
16 verbose cwd F:\WKKfile\itcode2\relearn-web\ts
17 error Windows_NT 6.1.7601
18 error argv "D:\\mySoftwareInstall\\nodist\\v-x64\\10.13.0\\node.exe" "D:\\mySoftwareInstall\\nodist\\npmv\\4.0.5\\bin\\npm-cli.js" "run" "test"
19 error node v10.13.0
20 error npm  v4.0.5
21 error code ELIFECYCLE
22 error ts@1.0.0 test: `echo "Error: no test specified" && exit 1`
22 error Exit status 1
23 error Failed at the ts@1.0.0 test script 'echo "Error: no test specified" && exit 1'.
23 error Make sure you have the latest version of node.js and npm installed.
23 error If you do, this is most likely a problem with the ts package,
23 error not with npm itself.
23 error Tell the author that this fails on your system:
23 error     echo "Error: no test specified" && exit 1
23 error You can get information on how to open an issue for this project with:
23 error     npm bugs ts
23 error Or if that isn't available, you can get their info via:
23 error     npm owner ls ts
23 error There is likely additional logging output above.
24 verbose exit [ 1, true ]
